TN:
SF:src/app.ts
FN:23,(anonymous_1)
FN:106,(anonymous_2)
FN:125,(anonymous_3)
FN:159,(anonymous_4)
FN:198,(anonymous_5)
FNF:5
FNH:2
FNDA:8,(anonymous_1)
FNDA:1,(anonymous_2)
FNDA:0,(anonymous_3)
FNDA:0,(anonymous_4)
FNDA:0,(anonymous_5)
DA:1,4
DA:2,4
DA:3,4
DA:4,4
DA:5,4
DA:6,4
DA:7,4
DA:10,4
DA:11,4
DA:12,4
DA:13,4
DA:14,4
DA:15,4
DA:16,4
DA:19,4
DA:20,4
DA:21,4
DA:23,4
DA:24,8
DA:27,8
DA:30,8
DA:60,8
DA:68,8
DA:69,0
DA:78,0
DA:82,8
DA:83,8
DA:86,8
DA:89,8
DA:90,0
DA:91,8
DA:92,0
DA:96,8
DA:97,0
DA:98,0
DA:99,0
DA:103,8
DA:106,8
DA:107,1
DA:116,8
DA:117,8
DA:118,8
DA:119,8
DA:120,8
DA:121,8
DA:122,8
DA:125,8
DA:126,0
DA:130,0
DA:159,8
DA:160,0
DA:161,0
DA:164,0
DA:165,0
DA:167,0
DA:176,0
DA:189,0
DA:198,8
DA:199,0
DA:200,0
DA:202,0
DA:203,0
DA:204,0
DA:205,0
DA:206,0
DA:208,0
DA:213,8
DA:214,8
DA:216,8
DA:219,4
LF:70
LH:46
BRDA:61,0,0,8
BRDA:61,0,1,0
BRDA:68,1,0,0
BRDA:68,1,1,8
BRDA:70,2,0,0
BRDA:70,2,1,0
BRDA:71,3,0,0
BRDA:71,3,1,0
BRDA:89,4,0,0
BRDA:89,4,1,8
BRDA:91,5,0,0
BRDA:91,5,1,8
BRDA:96,6,0,0
BRDA:96,6,1,8
BRDA:110,7,0,1
BRDA:110,7,1,0
BRDA:126,8,0,0
BRDA:126,8,1,0
BRDA:126,8,2,0
BRDA:145,9,0,0
BRDA:145,9,1,0
BRDA:146,10,0,0
BRDA:146,10,1,0
BRDA:191,11,0,0
BRDA:191,11,1,0
BRF:25
BRH:6
end_of_record
TN:
SF:src/config/database.ts
FN:16,(anonymous_1)
FN:25,(anonymous_2)
FN:26,(anonymous_3)
FN:27,(anonymous_4)
FN:141,(anonymous_5)
FN:322,(anonymous_6)
FN:330,(anonymous_7)
FN:331,(anonymous_8)
FNF:8
FNH:5
FNDA:4,(anonymous_1)
FNDA:4,(anonymous_2)
FNDA:4,(anonymous_3)
FNDA:4,(anonymous_4)
FNDA:4,(anonymous_5)
FNDA:0,(anonymous_6)
FNDA:0,(anonymous_7)
FNDA:0,(anonymous_8)
DA:1,4
DA:2,4
DA:3,4
DA:5,4
DA:8,4
DA:9,4
DA:10,0
DA:14,4
DA:16,4
DA:17,4
DA:18,0
DA:19,0
DA:21,4
DA:25,4
DA:26,4
DA:27,4
DA:29,4
DA:47,4
DA:71,4
DA:94,4
DA:113,4
DA:125,4
DA:141,4
DA:143,4
DA:144,0
DA:149,4
DA:167,4
DA:207,4
DA:236,4
DA:266,4
DA:294,4
DA:295,4
DA:296,4
DA:297,4
DA:298,4
DA:299,4
DA:300,4
DA:303,4
DA:304,4
DA:305,4
DA:306,4
DA:307,4
DA:310,4
DA:318,4
DA:319,4
DA:322,4
DA:323,0
DA:324,0
DA:330,4
DA:331,0
DA:332,0
DA:333,0
DA:335,0
DA:337,0
DA:341,4
LF:55
LH:44
BRDA:5,0,0,4
BRDA:5,0,1,4
BRDA:9,1,0,0
BRDA:9,1,1,4
BRDA:14,2,0,0
BRDA:14,2,1,4
BRDA:17,3,0,0
BRDA:17,3,1,4
BRDA:143,4,0,0
BRDA:143,4,1,4
BRDA:143,5,0,4
BRDA:143,5,1,4
BRDA:332,6,0,0
BRDA:332,6,1,0
BRF:14
BRH:8
end_of_record
TN:
SF:src/middleware/auditMiddleware.ts
FN:8,(anonymous_0)
FN:13,(anonymous_1)
FN:44,(anonymous_2)
FN:45,(anonymous_3)
FN:48,(anonymous_4)
FN:73,(anonymous_5)
FN:74,(anonymous_6)
FN:77,(anonymous_7)
FN:103,(anonymous_8)
FN:115,(anonymous_9)
FN:117,(anonymous_10)
FN:121,(anonymous_11)
FN:154,(anonymous_12)
FN:157,(anonymous_13)
FN:181,sanitizeRequestBody
FN:189,(anonymous_15)
FN:201,sanitizeHeaders
FN:205,(anonymous_17)
FN:217,maskEmail
FNF:19
FNH:7
FNDA:0,(anonymous_0)
FNDA:0,(anonymous_1)
FNDA:8,(anonymous_2)
FNDA:52,(anonymous_3)
FNDA:52,(anonymous_4)
FNDA:16,(anonymous_5)
FNDA:14,(anonymous_6)
FNDA:14,(anonymous_7)
FNDA:0,(anonymous_8)
FNDA:0,(anonymous_9)
FNDA:0,(anonymous_10)
FNDA:0,(anonymous_11)
FNDA:0,(anonymous_12)
FNDA:0,(anonymous_13)
FNDA:0,sanitizeRequestBody
FNDA:0,(anonymous_15)
FNDA:0,sanitizeHeaders
FNDA:0,(anonymous_17)
FNDA:52,maskEmail
DA:3,4
DA:8,4
DA:9,0
DA:10,0
DA:13,0
DA:14,0
DA:15,0
DA:18,0
DA:19,0
DA:35,0
DA:38,0
DA:44,4
DA:45,8
DA:46,52
DA:48,52
DA:49,52
DA:51,52
DA:63,52
DA:66,52
DA:73,4
DA:74,16
DA:75,14
DA:77,14
DA:78,14
DA:80,14
DA:93,14
DA:96,14
DA:103,4
DA:104,0
DA:115,0
DA:116,0
DA:117,0
DA:120,0
DA:121,0
DA:124,0
DA:129,0
DA:133,0
DA:134,0
DA:148,0
DA:154,4
DA:155,0
DA:157,0
DA:158,0
DA:159,0
DA:172,0
DA:175,0
DA:182,0
DA:183,0
DA:186,0
DA:187,0
DA:189,0
DA:190,0
DA:191,0
DA:195,0
DA:202,0
DA:203,0
DA:205,0
DA:206,0
DA:207,0
DA:211,0
DA:218,52
DA:219,52
DA:221,52
LF:63
LH:23
BRDA:15,0,0,0
BRDA:15,0,1,0
BRDA:18,1,0,0
BRDA:18,1,1,0
BRDA:18,2,0,0
BRDA:18,2,1,0
BRDA:28,3,0,0
BRDA:28,3,1,0
BRDA:29,4,0,0
BRDA:29,4,1,0
BRDA:29,5,0,0
BRDA:29,5,1,0
BRDA:31,6,0,0
BRDA:31,6,1,0
BRDA:49,7,0,52
BRDA:49,7,1,52
BRDA:57,8,0,52
BRDA:57,8,1,0
BRDA:60,9,0,29
BRDA:60,9,1,23
BRDA:78,10,0,14
BRDA:78,10,1,14
BRDA:84,11,0,14
BRDA:84,11,1,14
BRDA:116,12,0,0
BRDA:116,12,1,0
BRDA:120,13,0,0
BRDA:120,13,1,0
BRDA:120,14,0,0
BRDA:120,14,1,0
BRDA:129,15,0,0
BRDA:129,15,1,0
BRDA:129,15,2,0
BRDA:133,16,0,0
BRDA:133,16,1,0
BRDA:158,17,0,0
BRDA:158,17,1,0
BRDA:158,18,0,0
BRDA:158,18,1,0
BRDA:166,19,0,0
BRDA:166,19,1,0
BRDA:182,20,0,0
BRDA:182,20,1,0
BRDA:182,21,0,0
BRDA:182,21,1,0
BRDA:190,22,0,0
BRDA:190,22,1,0
BRDA:206,23,0,0
BRDA:206,23,1,0
BRDA:219,24,0,0
BRDA:219,24,1,52
BRDA:219,25,0,52
BRDA:219,25,1,52
BRF:53
BRH:12
end_of_record
TN:
SF:src/middleware/auth.ts
FN:11,(anonymous_0)
FN:38,(anonymous_1)
FN:39,(anonymous_2)
FN:55,(anonymous_3)
FNF:4
FNH:2
FNDA:43,(anonymous_0)
FNDA:8,(anonymous_1)
FNDA:0,(anonymous_2)
FNDA:0,(anonymous_3)
DA:2,4
DA:3,4
DA:11,4
DA:12,43
DA:13,43
DA:14,43
DA:16,43
DA:17,5
DA:20,38
DA:21,36
DA:22,36
DA:24,2
DA:25,2
DA:26,0
DA:27,2
DA:28,2
DA:31,0
DA:38,4
DA:39,8
DA:40,0
DA:41,0
DA:44,0
DA:45,0
DA:48,0
DA:55,4
DA:56,0
DA:57,0
DA:58,0
DA:60,0
DA:61,0
DA:62,0
DA:65,0
DA:68,0
DA:75,4
DA:80,4
LF:35
LH:20
BRDA:16,0,0,5
BRDA:16,0,1,38
BRDA:24,1,0,2
BRDA:24,1,1,0
BRDA:25,2,0,0
BRDA:25,2,1,2
BRDA:27,3,0,2
BRDA:27,3,1,0
BRDA:40,4,0,0
BRDA:40,4,1,0
BRDA:44,5,0,0
BRDA:44,5,1,0
BRDA:60,6,0,0
BRDA:60,6,1,0
BRF:14
BRH:5
end_of_record
TN:
SF:src/middleware/errorHandler.ts
FN:8,(anonymous_0)
FN:38,(anonymous_1)
FN:73,(anonymous_2)
FNF:3
FNH:2
FNDA:47,(anonymous_0)
FNDA:0,(anonymous_1)
FNDA:37,(anonymous_2)
DA:8,4
DA:14,47
DA:15,47
DA:18,47
DA:21,47
DA:22,47
DA:25,47
DA:26,0
DA:27,0
DA:31,47
DA:32,0
DA:33,0
DA:37,47
DA:38,0
DA:39,0
DA:43,47
DA:44,0
DA:45,0
DA:48,47
DA:49,0
DA:50,0
DA:54,47
DA:55,0
DA:56,0
DA:57,0
DA:59,0
DA:60,0
DA:64,47
DA:73,4
DA:74,37
DA:75,37
DA:76,37
DA:77,37
LF:33
LH:18
BRDA:21,0,0,47
BRDA:21,0,1,9
BRDA:22,1,0,47
BRDA:22,1,1,0
BRDA:25,2,0,0
BRDA:25,2,1,47
BRDA:31,3,0,0
BRDA:31,3,1,47
BRDA:31,4,0,47
BRDA:31,4,1,0
BRDA:37,5,0,0
BRDA:37,5,1,47
BRDA:43,6,0,0
BRDA:43,6,1,47
BRDA:48,7,0,0
BRDA:48,7,1,47
BRDA:54,8,0,0
BRDA:54,8,1,47
BRDA:54,9,0,47
BRDA:54,9,1,47
BRDA:55,10,0,0
BRDA:55,10,1,0
BRDA:68,11,0,47
BRDA:68,11,1,0
BRF:24
BRH:13
end_of_record
TN:
SF:src/middleware/googleApiSecurity.ts
FN:8,(anonymous_0)
FN:35,(anonymous_1)
FN:55,(anonymous_2)
FN:56,(anonymous_3)
FN:59,(anonymous_4)
FNF:5
FNH:0
FNDA:0,(anonymous_0)
FNDA:0,(anonymous_1)
FNDA:0,(anonymous_2)
FNDA:0,(anonymous_3)
FNDA:0,(anonymous_4)
DA:2,0
DA:3,0
DA:8,0
DA:9,0
DA:10,0
DA:11,0
DA:13,0
DA:14,0
DA:18,0
DA:26,0
DA:28,0
DA:35,0
DA:36,0
DA:38,0
DA:39,0
DA:42,0
DA:43,0
DA:46,0
DA:48,0
DA:55,0
DA:56,0
DA:57,0
DA:59,0
DA:61,0
DA:62,0
DA:65,0
DA:68,0
LF:27
LH:0
BRDA:13,0,0,0
BRDA:13,0,1,0
BRDA:38,1,0,0
BRDA:38,1,1,0
BRDA:42,2,0,0
BRDA:42,2,1,0
BRDA:61,3,0,0
BRDA:61,3,1,0
BRDA:61,4,0,0
BRDA:61,4,1,0
BRF:10
BRH:0
end_of_record
TN:
SF:src/middleware/notFound.ts
FN:3,(anonymous_0)
FNF:1
FNH:0
FNDA:0,(anonymous_0)
DA:3,4
DA:4,0
DA:5,0
DA:6,0
LF:4
LH:1
BRF:0
BRH:0
end_of_record
TN:
SF:src/middleware/validation.ts
FN:8,(anonymous_0)
FN:9,(anonymous_1)
FN:18,(anonymous_2)
FN:33,(anonymous_3)
FN:34,(anonymous_4)
FN:43,(anonymous_5)
FN:58,(anonymous_6)
FN:59,(anonymous_7)
FN:68,(anonymous_8)
FNF:9
FNH:3
FNDA:28,(anonymous_0)
FNDA:81,(anonymous_1)
FNDA:20,(anonymous_2)
FNDA:0,(anonymous_3)
FNDA:0,(anonymous_4)
FNDA:0,(anonymous_5)
FNDA:0,(anonymous_6)
FNDA:0,(anonymous_7)
FNDA:0,(anonymous_8)
DA:3,4
DA:8,4
DA:9,28
DA:10,81
DA:16,81
DA:17,16
DA:18,20
DA:21,16
DA:25,65
DA:26,65
DA:33,4
DA:34,0
DA:35,0
DA:41,0
DA:42,0
DA:43,0
DA:46,0
DA:50,0
DA:51,0
DA:58,4
DA:59,0
DA:60,0
DA:66,0
DA:67,0
DA:68,0
DA:71,0
DA:75,0
DA:76,0
LF:28
LH:12
BRDA:16,0,0,16
BRDA:16,0,1,65
BRDA:41,1,0,0
BRDA:41,1,1,0
BRDA:66,2,0,0
BRDA:66,2,1,0
BRF:6
BRH:2
end_of_record
TN:
SF:src/routes/auth.ts
FN:47,(anonymous_1)
FN:92,(anonymous_2)
FN:141,(anonymous_3)
FN:183,(anonymous_4)
FN:196,(anonymous_5)
FN:218,(anonymous_6)
FNF:6
FNH:3
FNDA:37,(anonymous_1)
FNDA:15,(anonymous_2)
FNDA:0,(anonymous_3)
FNDA:0,(anonymous_4)
FNDA:1,(anonymous_5)
FNDA:0,(anonymous_6)
DA:1,4
DA:2,4
DA:3,4
DA:4,4
DA:5,4
DA:6,4
DA:7,4
DA:13,4
DA:19,4
DA:21,4
DA:24,4
DA:34,4
DA:47,4
DA:48,37
DA:49,37
DA:51,37
DA:54,28
DA:61,28
DA:69,28
DA:76,28
DA:85,9
DA:92,4
DA:93,15
DA:94,15
DA:96,15
DA:98,15
DA:99,14
DA:103,1
DA:110,1
DA:118,1
DA:125,1
DA:134,0
DA:141,4
DA:142,0
DA:143,0
DA:144,0
DA:147,0
DA:149,0
DA:150,0
DA:153,0
DA:156,0
DA:159,0
DA:166,0
DA:175,0
DA:176,0
DA:183,4
DA:185,0
DA:187,0
DA:196,4
DA:197,1
DA:198,1
DA:199,0
DA:202,1
DA:204,1
DA:211,0
DA:218,4
DA:219,0
DA:220,0
DA:221,0
DA:224,0
DA:226,0
DA:228,0
DA:233,0
DA:237,4
LF:64
LH:40
BRDA:98,0,0,14
BRDA:98,0,1,1
BRDA:147,1,0,0
BRDA:147,1,1,0
BRDA:149,2,0,0
BRDA:149,2,1,0
BRDA:198,3,0,0
BRDA:198,3,1,1
BRDA:220,4,0,0
BRDA:220,4,1,0
BRF:10
BRH:3
end_of_record
TN:
SF:src/routes/data.ts
FN:11,(anonymous_1)
FN:14,(anonymous_2)
FN:25,(anonymous_3)
FN:36,(anonymous_4)
FN:74,(anonymous_5)
FN:89,(anonymous_6)
FN:111,(anonymous_7)
FN:134,(anonymous_8)
FN:140,(anonymous_9)
FN:165,(anonymous_10)
FN:188,(anonymous_11)
FN:194,(anonymous_12)
FNF:12
FNH:6
FNDA:0,(anonymous_1)
FNDA:0,(anonymous_2)
FNDA:0,(anonymous_3)
FNDA:12,(anonymous_4)
FNDA:8,(anonymous_5)
FNDA:8,(anonymous_6)
FNDA:2,(anonymous_7)
FNDA:2,(anonymous_8)
FNDA:2,(anonymous_9)
FNDA:0,(anonymous_10)
FNDA:0,(anonymous_11)
FNDA:0,(anonymous_12)
DA:1,4
DA:2,4
DA:3,4
DA:4,4
DA:5,4
DA:7,4
DA:10,4
DA:12,0
DA:15,0
DA:16,0
DA:20,4
DA:27,0
DA:28,0
DA:30,0
DA:36,4
DA:37,12
DA:38,12
DA:39,12
DA:42,12
DA:43,0
DA:44,0
DA:47,12
DA:48,12
DA:50,12
DA:53,12
DA:54,3
DA:58,9
DA:59,12
DA:60,1
DA:64,8
DA:65,8
DA:68,8
DA:70,8
DA:75,8
DA:76,0
DA:77,0
DA:80,8
DA:83,8
DA:90,8
DA:91,0
DA:95,8
DA:105,0
DA:106,0
DA:111,4
DA:112,2
DA:113,2
DA:114,2
DA:115,2
DA:116,2
DA:118,2
DA:135,2
DA:136,0
DA:140,2
DA:141,2
DA:142,0
DA:145,2
DA:146,2
DA:160,0
DA:165,4
DA:166,0
DA:167,0
DA:168,0
DA:169,0
DA:171,0
DA:189,0
DA:190,0
DA:194,0
DA:195,0
DA:196,0
DA:199,0
DA:200,0
DA:214,0
DA:218,4
LF:73
LH:44
BRDA:27,0,0,0
BRDA:27,0,1,0
BRDA:42,1,0,0
BRDA:42,1,1,12
BRDA:42,2,0,12
BRDA:42,2,1,12
BRDA:53,3,0,3
BRDA:53,3,1,9
BRDA:53,4,0,12
BRDA:53,4,1,11
BRDA:53,4,2,10
BRDA:53,4,3,10
BRDA:59,5,0,1
BRDA:59,5,1,11
BRDA:59,6,0,12
BRDA:59,6,1,11
BRDA:59,6,2,11
BRDA:75,7,0,0
BRDA:75,7,1,8
BRDA:90,8,0,0
BRDA:90,8,1,8
BRDA:114,9,0,2
BRDA:114,9,1,1
BRDA:115,10,0,2
BRDA:115,10,1,1
BRDA:135,11,0,0
BRDA:135,11,1,2
BRDA:141,12,0,0
BRDA:141,12,1,2
BRDA:167,13,0,0
BRDA:167,13,1,0
BRDA:168,14,0,0
BRDA:168,14,1,0
BRDA:189,15,0,0
BRDA:189,15,1,0
BRDA:195,16,0,0
BRDA:195,16,1,0
BRF:37
BRH:22
end_of_record
TN:
SF:src/routes/estimate.ts
FN:15,(anonymous_1)
FN:164,(anonymous_2)
FN:216,(anonymous_3)
FN:270,(anonymous_4)
FN:291,(anonymous_5)
FN:317,(anonymous_6)
FN:402,geocodeAddress
FNF:7
FNH:0
FNDA:0,(anonymous_1)
FNDA:0,(anonymous_2)
FNDA:0,(anonymous_3)
FNDA:0,(anonymous_4)
FNDA:0,(anonymous_5)
FNDA:0,(anonymous_6)
FNDA:0,geocodeAddress
DA:1,4
DA:2,4
DA:4,4
DA:5,4
DA:7,4
DA:15,4
DA:16,0
DA:17,0
DA:19,0
DA:20,0
DA:27,0
DA:29,0
DA:31,0
DA:40,0
DA:41,0
DA:42,0
DA:49,0
DA:55,0
DA:56,0
DA:64,0
DA:66,0
DA:67,0
DA:75,0
DA:85,0
DA:94,0
DA:102,0
DA:110,0
DA:123,0
DA:125,0
DA:155,0
DA:156,0
DA:164,4
DA:165,0
DA:166,0
DA:168,0
DA:169,0
DA:176,0
DA:178,0
DA:180,0
DA:182,0
DA:192,0
DA:193,0
DA:195,0
DA:207,0
DA:208,0
DA:216,4
DA:217,0
DA:218,0
DA:226,0
DA:229,0
DA:231,0
DA:232,0
DA:239,0
DA:252,0
DA:254,0
DA:261,0
DA:262,0
DA:270,4
DA:271,0
DA:272,0
DA:275,0
DA:282,0
DA:283,0
DA:291,4
DA:292,0
DA:294,0
DA:308,0
DA:309,0
DA:317,4
DA:318,0
DA:319,0
DA:320,0
DA:321,0
DA:323,0
DA:326,0
DA:327,0
DA:329,0
DA:330,0
DA:338,0
DA:339,0
DA:342,0
DA:353,0
DA:355,0
DA:388,0
DA:389,0
DA:403,0
DA:408,0
DA:415,0
DA:416,0
DA:417,0
DA:418,0
DA:423,0
DA:426,0
DA:427,0
DA:431,4
LF:95
LH:12
BRDA:19,0,0,0
BRDA:19,0,1,0
BRDA:29,1,0,0
BRDA:29,1,1,0
BRDA:29,2,0,0
BRDA:29,2,1,0
BRDA:41,3,0,0
BRDA:41,3,1,0
BRDA:55,4,0,0
BRDA:55,4,1,0
BRDA:66,5,0,0
BRDA:66,5,1,0
BRDA:166,6,0,0
BRDA:168,7,0,0
BRDA:168,7,1,0
BRDA:168,8,0,0
BRDA:168,8,1,0
BRDA:178,9,0,0
BRDA:178,9,1,0
BRDA:231,10,0,0
BRDA:231,10,1,0
BRDA:241,11,0,0
BRDA:241,11,1,0
BRDA:242,12,0,0
BRDA:242,12,1,0
BRDA:243,13,0,0
BRDA:243,13,1,0
BRDA:244,14,0,0
BRDA:244,14,1,0
BRDA:245,15,0,0
BRDA:245,15,1,0
BRDA:272,16,0,0
BRDA:272,17,0,0
BRDA:329,18,0,0
BRDA:329,18,1,0
BRDA:392,19,0,0
BRDA:392,19,1,0
BRDA:417,20,0,0
BRDA:417,20,1,0
BRF:39
BRH:0
end_of_record
TN:
SF:src/routes/game.ts
FN:53,(anonymous_1)
FN:108,(anonymous_2)
FN:174,(anonymous_3)
FN:206,(anonymous_4)
FNF:4
FNH:2
FNDA:13,(anonymous_1)
FNDA:0,(anonymous_2)
FNDA:0,(anonymous_3)
FNDA:1,(anonymous_4)
DA:1,4
DA:2,4
DA:3,4
DA:4,4
DA:5,4
DA:6,4
DA:7,4
DA:8,4
DA:18,4
DA:19,4
DA:21,4
DA:24,4
DA:33,4
DA:45,4
DA:54,13
DA:55,13
DA:56,0
DA:59,13
DA:62,13
DA:63,13
DA:64,13
DA:68,13
DA:78,13
DA:80,13
DA:96,0
DA:104,4
DA:109,0
DA:110,0
DA:111,0
DA:114,0
DA:117,0
DA:118,0
DA:119,0
DA:122,0
DA:123,0
DA:127,0
DA:136,0
DA:149,0
DA:151,0
DA:163,0
DA:171,4
DA:175,0
DA:176,0
DA:177,0
DA:180,0
DA:181,0
DA:183,0
DA:184,0
DA:187,0
DA:195,0
DA:203,4
DA:207,1
DA:208,1
DA:209,0
DA:212,1
DA:213,1
DA:215,1
DA:217,1
DA:231,0
DA:236,4
LF:60
LH:33
BRDA:55,0,0,0
BRDA:55,0,1,13
BRDA:63,1,0,13
BRDA:63,1,1,0
BRDA:64,2,0,13
BRDA:64,2,1,0
BRDA:78,3,0,13
BRDA:78,3,1,0
BRDA:90,4,0,13
BRDA:90,4,1,0
BRDA:91,5,0,13
BRDA:91,5,1,0
BRDA:110,6,0,0
BRDA:110,6,1,0
BRDA:118,7,0,0
BRDA:118,7,1,0
BRDA:122,8,0,0
BRDA:122,8,1,0
BRDA:176,9,0,0
BRDA:176,9,1,0
BRDA:180,10,0,0
BRDA:180,10,1,0
BRDA:183,11,0,0
BRDA:183,11,1,0
BRDA:208,12,0,0
BRDA:208,12,1,1
BRDA:212,13,0,1
BRDA:212,13,1,1
BRDA:213,14,0,1
BRDA:213,14,1,1
BRF:30
BRH:11
end_of_record
TN:
SF:src/routes/jobs.ts
FN:7,(anonymous_1)
FN:14,(anonymous_2)
FN:21,(anonymous_3)
FN:28,(anonymous_4)
FN:35,(anonymous_5)
FNF:5
FNH:0
FNDA:0,(anonymous_1)
FNDA:0,(anonymous_2)
FNDA:0,(anonymous_3)
FNDA:0,(anonymous_4)
FNDA:0,(anonymous_5)
DA:1,4
DA:2,4
DA:7,4
DA:8,0
DA:14,4
DA:15,0
DA:21,4
DA:22,0
DA:28,4
DA:29,0
DA:35,4
DA:36,0
DA:39,4
LF:13
LH:8
BRF:0
BRH:0
end_of_record
TN:
SF:src/routes/leaderboard.ts
FN:7,(anonymous_1)
FN:14,(anonymous_2)
FNF:2
FNH:0
FNDA:0,(anonymous_1)
FNDA:0,(anonymous_2)
DA:1,4
DA:2,4
DA:7,4
DA:8,0
DA:14,4
DA:15,0
DA:18,4
LF:7
LH:5
BRF:0
BRH:0
end_of_record
TN:
SF:src/routes/users.ts
FN:34,(anonymous_1)
FN:56,(anonymous_2)
FN:85,(anonymous_3)
FNF:3
FNH:0
FNDA:0,(anonymous_1)
FNDA:0,(anonymous_2)
FNDA:0,(anonymous_3)
DA:1,4
DA:2,4
DA:3,4
DA:4,4
DA:5,4
DA:6,4
DA:8,4
DA:11,4
DA:34,4
DA:35,0
DA:36,0
DA:37,0
DA:40,0
DA:42,0
DA:49,0
DA:56,4
DA:57,0
DA:58,0
DA:59,0
DA:62,0
DA:64,0
DA:65,0
DA:68,0
DA:70,0
DA:78,0
DA:85,4
DA:86,0
DA:87,0
DA:88,0
DA:91,0
DA:93,0
DA:105,0
DA:109,4
LF:33
LH:12
BRDA:36,0,0,0
BRDA:36,0,1,0
BRDA:58,1,0,0
BRDA:58,1,1,0
BRDA:64,2,0,0
BRDA:64,2,1,0
BRDA:87,3,0,0
BRDA:87,3,1,0
BRF:8
BRH:0
end_of_record
TN:
SF:src/scripts/migrateDatabase.ts
FN:6,(anonymous_0)
FN:7,(anonymous_1)
FN:8,(anonymous_2)
FN:10,(anonymous_3)
FN:16,(anonymous_4)
FN:43,(anonymous_5)
FN:44,(anonymous_6)
FN:68,(anonymous_7)
FN:82,(anonymous_8)
FN:86,(anonymous_9)
FNF:10
FNH:0
FNDA:0,(anonymous_0)
FNDA:0,(anonymous_1)
FNDA:0,(anonymous_2)
FNDA:0,(anonymous_3)
FNDA:0,(anonymous_4)
FNDA:0,(anonymous_5)
FNDA:0,(anonymous_6)
FNDA:0,(anonymous_7)
FNDA:0,(anonymous_8)
FNDA:0,(anonymous_9)
DA:1,0
DA:6,0
DA:7,0
DA:8,0
DA:10,0
DA:11,0
DA:12,0
DA:13,0
DA:16,0
DA:17,0
DA:19,0
DA:20,0
DA:23,0
DA:24,0
DA:27,0
DA:28,0
DA:31,0
DA:32,0
DA:36,0
DA:37,0
DA:38,0
DA:39,0
DA:40,0
DA:43,0
DA:44,0
DA:45,0
DA:46,0
DA:47,0
DA:48,0
DA:51,0
DA:52,0
DA:54,0
DA:55,0
DA:56,0
DA:68,0
DA:69,0
DA:70,0
DA:71,0
DA:72,0
DA:74,0
DA:75,0
DA:80,0
DA:81,0
DA:83,0
DA:84,0
DA:87,0
DA:88,0
LF:47
LH:0
BRDA:11,0,0,0
BRDA:11,0,1,0
BRDA:19,1,0,0
BRDA:19,1,1,0
BRDA:23,2,0,0
BRDA:23,2,1,0
BRDA:27,3,0,0
BRDA:27,3,1,0
BRDA:31,4,0,0
BRDA:31,4,1,0
BRDA:37,5,0,0
BRDA:37,5,1,0
BRDA:45,6,0,0
BRDA:45,6,1,0
BRDA:54,7,0,0
BRDA:54,7,1,0
BRDA:80,8,0,0
BRDA:80,8,1,0
BRF:18
BRH:0
end_of_record
TN:
SF:src/scripts/seedGarageDoorData.ts
FN:123,seedTractDevelopments
FN:128,(anonymous_1)
FN:150,(anonymous_2)
FN:168,seedSampleProperties
FN:184,seedMockDetections
FN:188,(anonymous_5)
FN:189,(anonymous_6)
FN:219,(anonymous_7)
FN:241,(anonymous_8)
FN:260,seedPriceEstimates
FN:264,(anonymous_10)
FN:265,(anonymous_11)
FN:295,(anonymous_12)
FN:318,(anonymous_13)
FN:337,seedGarageDoorData
FN:349,(anonymous_15)
FN:356,(anonymous_16)
FN:377,(anonymous_17)
FN:381,(anonymous_18)
FNF:19
FNH:0
FNDA:0,seedTractDevelopments
FNDA:0,(anonymous_1)
FNDA:0,(anonymous_2)
FNDA:0,seedSampleProperties
FNDA:0,seedMockDetections
FNDA:0,(anonymous_5)
FNDA:0,(anonymous_6)
FNDA:0,(anonymous_7)
FNDA:0,(anonymous_8)
FNDA:0,seedPriceEstimates
FNDA:0,(anonymous_10)
FNDA:0,(anonymous_11)
FNDA:0,(anonymous_12)
FNDA:0,(anonymous_13)
FNDA:0,seedGarageDoorData
FNDA:0,(anonymous_15)
FNDA:0,(anonymous_16)
FNDA:0,(anonymous_17)
FNDA:0,(anonymous_18)
DA:1,0
DA:2,0
DA:10,0
DA:62,0
DA:124,0
DA:126,0
DA:127,0
DA:128,0
DA:129,0
DA:137,0
DA:150,0
DA:151,0
DA:152,0
DA:154,0
DA:155,0
DA:160,0
DA:169,0
DA:171,0
DA:172,0
DA:173,0
DA:174,0
DA:176,0
DA:185,0
DA:188,0
DA:189,0
DA:190,0
DA:191,0
DA:195,0
DA:196,0
DA:197,0
DA:219,0
DA:220,0
DA:227,0
DA:241,0
DA:242,0
DA:243,0
DA:245,0
DA:250,0
DA:252,0
DA:261,0
DA:264,0
DA:265,0
DA:266,0
DA:267,0
DA:271,0
DA:272,0
DA:274,0
DA:275,0
DA:276,0
DA:277,0
DA:278,0
DA:279,0
DA:281,0
DA:295,0
DA:296,0
DA:304,0
DA:318,0
DA:319,0
DA:320,0
DA:322,0
DA:327,0
DA:329,0
DA:337,0
DA:338,0
DA:339,0
DA:341,0
DA:342,0
DA:343,0
DA:344,0
DA:346,0
DA:349,0
DA:350,0
DA:357,0
DA:358,0
DA:362,0
DA:363,0
DA:364,0
DA:365,0
DA:366,0
DA:369,0
DA:370,0
DA:375,0
DA:376,0
DA:378,0
DA:379,0
DA:382,0
DA:383,0
LF:87
LH:0
BRDA:151,0,0,0
BRDA:151,0,1,0
BRDA:190,1,0,0
BRDA:190,1,1,0
BRDA:191,2,0,0
BRDA:191,2,1,0
BRDA:242,3,0,0
BRDA:242,3,1,0
BRDA:266,4,0,0
BRDA:266,4,1,0
BRDA:267,5,0,0
BRDA:267,5,1,0
BRDA:274,6,0,0
BRDA:274,6,1,0
BRDA:274,7,0,0
BRDA:274,7,1,0
BRDA:319,8,0,0
BRDA:319,8,1,0
BRDA:357,9,0,0
BRDA:357,9,1,0
BRDA:375,10,0,0
BRDA:375,10,1,0
BRF:22
BRH:0
end_of_record
TN:
SF:src/services/auditLogger.ts
FN:25,(anonymous_1)
FN:34,(anonymous_2)
FN:43,(anonymous_3)
FN:56,(anonymous_4)
FN:71,(anonymous_5)
FN:99,(anonymous_6)
FN:122,(anonymous_7)
FN:145,(anonymous_8)
FN:166,(anonymous_9)
FN:186,(anonymous_10)
FN:205,(anonymous_11)
FN:212,(anonymous_12)
FN:216,(anonymous_13)
FN:223,(anonymous_14)
FN:235,(anonymous_15)
FNF:15
FNH:6
FNDA:4,(anonymous_1)
FNDA:4,(anonymous_2)
FNDA:66,(anonymous_3)
FNDA:66,(anonymous_4)
FNDA:52,(anonymous_5)
FNDA:0,(anonymous_6)
FNDA:0,(anonymous_7)
FNDA:0,(anonymous_8)
FNDA:14,(anonymous_9)
FNDA:0,(anonymous_10)
FNDA:0,(anonymous_11)
FNDA:0,(anonymous_12)
FNDA:0,(anonymous_13)
FNDA:0,(anonymous_14)
FNDA:0,(anonymous_15)
DA:1,4
DA:2,4
DA:26,4
DA:27,4
DA:28,4
DA:35,4
DA:36,0
DA:44,66
DA:46,66
DA:47,66
DA:49,0
DA:57,66
DA:59,66
DA:72,52
DA:73,52
DA:88,52
DA:91,52
DA:92,0
DA:100,0
DA:101,0
DA:116,0
DA:123,0
DA:124,0
DA:139,0
DA:146,0
DA:157,0
DA:160,0
DA:167,14
DA:180,14
DA:187,0
DA:199,0
DA:206,0
DA:207,0
DA:208,0
DA:211,0
DA:212,0
DA:214,0
DA:217,0
DA:218,0
DA:220,0
DA:223,0
DA:225,0
DA:227,0
DA:228,0
DA:236,0
DA:237,0
DA:238,0
DA:241,0
DA:242,0
DA:244,0
DA:246,0
DA:248,0
DA:249,0
DA:255,4
DA:258,4
LF:55
LH:19
BRDA:35,0,0,0
BRDA:35,0,1,4
BRDA:63,1,0,66
BRDA:63,1,1,0
BRDA:63,1,2,0
BRDA:79,2,0,29
BRDA:79,2,1,23
BRDA:91,3,0,0
BRDA:91,3,1,52
BRDA:92,4,0,0
BRDA:92,4,1,0
BRDA:107,5,0,0
BRDA:107,5,1,0
BRDA:130,6,0,0
BRDA:130,6,1,0
BRDA:166,7,0,0
BRDA:189,8,0,0
BRDA:189,8,1,0
BRDA:205,9,0,0
BRDA:207,10,0,0
BRDA:207,10,1,0
BRDA:237,11,0,0
BRDA:237,11,1,0
BRDA:249,12,0,0
BRDA:249,12,1,0
BRF:25
BRH:5
end_of_record
TN:
SF:src/services/computerVisionService.ts
FN:69,(anonymous_0)
FN:109,(anonymous_1)
FN:111,(anonymous_2)
FN:135,(anonymous_3)
FN:137,(anonymous_4)
FN:138,(anonymous_5)
FN:162,(anonymous_6)
FN:216,(anonymous_7)
FN:251,(anonymous_8)
FN:260,(anonymous_9)
FN:275,(anonymous_10)
FN:280,(anonymous_11)
FN:285,(anonymous_12)
FN:297,(anonymous_13)
FN:318,(anonymous_14)
FNF:15
FNH:0
FNDA:0,(anonymous_0)
FNDA:0,(anonymous_1)
FNDA:0,(anonymous_2)
FNDA:0,(anonymous_3)
FNDA:0,(anonymous_4)
FNDA:0,(anonymous_5)
FNDA:0,(anonymous_6)
FNDA:0,(anonymous_7)
FNDA:0,(anonymous_8)
FNDA:0,(anonymous_9)
FNDA:0,(anonymous_10)
FNDA:0,(anonymous_11)
FNDA:0,(anonymous_12)
FNDA:0,(anonymous_13)
FNDA:0,(anonymous_14)
DA:13,0
DA:60,0
DA:62,0
DA:63,0
DA:70,0
DA:72,0
DA:74,0
DA:84,0
DA:87,0
DA:89,0
DA:91,0
DA:100,0
DA:101,0
DA:111,0
DA:114,0
DA:128,0
DA:136,0
DA:137,0
DA:138,0
DA:163,0
DA:165,0
DA:166,0
DA:168,0
DA:169,0
DA:172,0
DA:174,0
DA:175,0
DA:184,0
DA:197,0
DA:201,0
DA:205,0
DA:218,0
DA:219,0
DA:222,0
DA:223,0
DA:227,0
DA:228,0
DA:232,0
DA:233,0
DA:235,0
DA:236,0
DA:240,0
DA:257,0
DA:260,0
DA:261,0
DA:262,0
DA:264,0
DA:276,0
DA:277,0
DA:281,0
DA:282,0
DA:286,0
DA:287,0
DA:298,0
DA:299,0
DA:300,0
DA:301,0
DA:303,0
DA:304,0
DA:307,0
DA:308,0
DA:309,0
DA:310,0
DA:312,0
DA:327,0
DA:336,0
LF:66
LH:0
BRDA:101,0,0,0
BRDA:101,0,1,0
BRDA:189,1,0,0
BRDA:189,1,1,0
BRDA:190,2,0,0
BRDA:190,2,1,0
BRDA:222,3,0,0
BRDA:222,3,1,0
BRDA:222,4,0,0
BRDA:222,4,1,0
BRDA:227,5,0,0
BRDA:227,5,1,0
BRDA:227,6,0,0
BRDA:227,6,1,0
BRDA:227,6,2,0
BRDA:227,6,3,0
BRDA:235,7,0,0
BRDA:235,7,1,0
BRDA:235,8,0,0
BRDA:235,8,1,0
BRDA:235,8,2,0
BRDA:235,8,3,0
BRDA:277,9,0,0
BRDA:277,9,1,0
BRDA:282,10,0,0
BRDA:282,10,1,0
BRDA:287,11,0,0
BRDA:287,11,1,0
BRDA:303,12,0,0
BRDA:303,12,1,0
BRDA:303,13,0,0
BRDA:303,13,1,0
BRF:32
BRH:0
end_of_record
TN:
SF:src/services/gameService.ts
FN:47,(anonymous_0)
FN:52,(anonymous_1)
FN:62,(anonymous_2)
FN:77,(anonymous_3)
FN:78,(anonymous_4)
FN:86,(anonymous_5)
FN:101,(anonymous_6)
FN:115,(anonymous_7)
FN:140,(anonymous_8)
FN:155,(anonymous_9)
FN:218,(anonymous_10)
FN:223,(anonymous_11)
FN:228,(anonymous_12)
FN:244,(anonymous_13)
FN:263,(anonymous_14)
FN:264,(anonymous_15)
FN:273,(anonymous_16)
FN:289,(anonymous_17)
FN:333,(anonymous_18)
FNF:19
FNH:0
FNDA:0,(anonymous_0)
FNDA:0,(anonymous_1)
FNDA:0,(anonymous_2)
FNDA:0,(anonymous_3)
FNDA:0,(anonymous_4)
FNDA:0,(anonymous_5)
FNDA:0,(anonymous_6)
FNDA:0,(anonymous_7)
FNDA:0,(anonymous_8)
FNDA:0,(anonymous_9)
FNDA:0,(anonymous_10)
FNDA:0,(anonymous_11)
FNDA:0,(anonymous_12)
FNDA:0,(anonymous_13)
FNDA:0,(anonymous_14)
FNDA:0,(anonymous_15)
FNDA:0,(anonymous_16)
FNDA:0,(anonymous_17)
FNDA:0,(anonymous_18)
DA:1,0
DA:47,0
DA:52,0
DA:55,0
DA:62,0
DA:63,0
DA:64,0
DA:65,0
DA:67,0
DA:70,0
DA:77,0
DA:78,0
DA:79,0
DA:86,0
DA:87,0
DA:88,0
DA:89,0
DA:91,0
DA:94,0
DA:101,0
DA:115,0
DA:116,0
DA:129,0
DA:131,0
DA:141,0
DA:142,0
DA:143,0
DA:145,0
DA:148,0
DA:155,0
DA:158,0
DA:166,0
DA:169,0
DA:170,0
DA:171,0
DA:172,0
DA:173,0
DA:176,0
DA:179,0
DA:180,0
DA:183,0
DA:184,0
DA:185,0
DA:186,0
DA:189,0
DA:190,0
DA:191,0
DA:192,0
DA:193,0
DA:194,0
DA:195,0
DA:197,0
DA:200,0
DA:218,0
DA:223,0
DA:224,0
DA:227,0
DA:228,0
DA:229,0
DA:230,0
DA:231,0
DA:234,0
DA:237,0
DA:244,0
DA:245,0
DA:246,0
DA:247,0
DA:250,0
DA:253,0
DA:256,0
DA:263,0
DA:264,0
DA:265,0
DA:273,0
DA:274,0
DA:275,0
DA:276,0
DA:278,0
DA:281,0
DA:289,0
DA:292,0
DA:325,0
DA:326,0
DA:327,0
DA:333,0
DA:334,0
DA:340,0
LF:87
LH:0
BRDA:50,0,0,0
BRDA:62,1,0,0
BRDA:62,1,1,0
BRDA:63,2,0,0
BRDA:63,2,1,0
BRDA:87,3,0,0
BRDA:87,3,1,0
BRDA:91,4,0,0
BRDA:91,4,1,0
BRDA:133,5,0,0
BRDA:133,5,1,0
BRDA:134,6,0,0
BRDA:134,6,1,0
BRDA:135,7,0,0
BRDA:135,7,1,0
BRDA:137,8,0,0
BRDA:137,8,1,0
BRDA:141,9,0,0
BRDA:141,9,1,0
BRDA:166,10,0,0
BRDA:166,10,1,0
BRDA:167,11,0,0
BRDA:167,11,1,0
BRDA:170,12,0,0
BRDA:170,12,1,0
BRDA:170,13,0,0
BRDA:170,13,1,0
BRDA:176,14,0,0
BRDA:176,14,1,0
BRDA:190,15,0,0
BRDA:190,15,1,0
BRDA:192,16,0,0
BRDA:192,16,1,0
BRDA:194,17,0,0
BRDA:194,17,1,0
BRDA:220,18,0,0
BRDA:221,19,0,0
BRDA:229,20,0,0
BRDA:229,20,1,0
BRDA:245,21,0,0
BRDA:245,21,1,0
BRDA:274,22,0,0
BRDA:274,22,1,0
BRDA:325,23,0,0
BRDA:325,23,1,0
BRDA:340,24,0,0
BRDA:340,24,1,0
BRF:47
BRH:0
end_of_record
TN:
SF:src/services/garageDoorService.ts
FN:73,(anonymous_0)
FN:74,(anonymous_1)
FN:108,(anonymous_2)
FN:121,(anonymous_3)
FN:122,(anonymous_4)
FN:125,(anonymous_5)
FN:138,(anonymous_6)
FN:139,(anonymous_7)
FN:156,(anonymous_8)
FN:169,(anonymous_9)
FN:185,(anonymous_10)
FN:246,(anonymous_11)
FN:252,(anonymous_12)
FN:283,(anonymous_13)
FN:284,(anonymous_14)
FN:301,(anonymous_15)
FN:314,(anonymous_16)
FN:349,(anonymous_17)
FN:350,(anonymous_18)
FN:373,(anonymous_19)
FNF:20
FNH:0
FNDA:0,(anonymous_0)
FNDA:0,(anonymous_1)
FNDA:0,(anonymous_2)
FNDA:0,(anonymous_3)
FNDA:0,(anonymous_4)
FNDA:0,(anonymous_5)
FNDA:0,(anonymous_6)
FNDA:0,(anonymous_7)
FNDA:0,(anonymous_8)
FNDA:0,(anonymous_9)
FNDA:0,(anonymous_10)
FNDA:0,(anonymous_11)
FNDA:0,(anonymous_12)
FNDA:0,(anonymous_13)
FNDA:0,(anonymous_14)
FNDA:0,(anonymous_15)
FNDA:0,(anonymous_16)
FNDA:0,(anonymous_17)
FNDA:0,(anonymous_18)
FNDA:0,(anonymous_19)
DA:1,4
DA:2,4
DA:68,4
DA:74,0
DA:76,0
DA:78,0
DA:88,0
DA:108,0
DA:109,0
DA:110,0
DA:112,0
DA:122,0
DA:123,0
DA:125,0
DA:126,0
DA:127,0
DA:129,0
DA:139,0
DA:141,0
DA:142,0
DA:144,0
DA:151,0
DA:156,0
DA:157,0
DA:158,0
DA:160,0
DA:171,0
DA:172,0
DA:173,0
DA:178,0
DA:190,0
DA:192,0
DA:202,0
DA:205,0
DA:218,0
DA:221,0
DA:230,0
DA:233,0
DA:235,0
DA:238,0
DA:239,0
DA:252,0
DA:255,0
DA:262,0
DA:264,0
DA:266,0
DA:273,0
DA:284,0
DA:285,0
DA:292,0
DA:301,0
DA:302,0
DA:303,0
DA:305,0
DA:316,0
DA:317,0
DA:320,0
DA:321,0
DA:322,0
DA:323,0
DA:324,0
DA:326,0
DA:341,0
DA:343,0
DA:350,0
DA:351,0
DA:359,0
DA:373,0
DA:374,0
DA:375,0
DA:377,0
DA:384,4
LF:72
LH:4
BRDA:94,0,0,0
BRDA:94,0,1,0
BRDA:95,1,0,0
BRDA:95,1,1,0
BRDA:109,2,0,0
BRDA:109,2,1,0
BRDA:126,3,0,0
BRDA:126,3,1,0
BRDA:129,4,0,0
BRDA:129,4,1,0
BRDA:138,5,0,0
BRDA:157,6,0,0
BRDA:157,6,1,0
BRDA:160,7,0,0
BRDA:160,7,1,0
BRDA:172,8,0,0
BRDA:172,8,1,0
BRDA:172,9,0,0
BRDA:172,9,1,0
BRDA:172,9,2,0
BRDA:209,10,0,0
BRDA:209,10,1,0
BRDA:210,11,0,0
BRDA:210,11,1,0
BRDA:264,12,0,0
BRDA:264,12,1,0
BRDA:302,13,0,0
BRDA:302,13,1,0
BRDA:317,14,0,0
BRDA:317,14,1,0
BRDA:317,15,0,0
BRDA:317,15,1,0
BRDA:374,16,0,0
BRDA:374,16,1,0
BRF:34
BRH:0
end_of_record
TN:
SF:src/services/googleApiService.ts
FN:16,(anonymous_1)
FN:31,(anonymous_2)
FN:49,(anonymous_3)
FN:68,(anonymous_4)
FN:79,(anonymous_5)
FN:91,(anonymous_6)
FN:103,(anonymous_7)
FN:110,(anonymous_8)
FN:118,(anonymous_9)
FN:166,(anonymous_10)
FNF:10
FNH:0
FNDA:0,(anonymous_1)
FNDA:0,(anonymous_2)
FNDA:0,(anonymous_3)
FNDA:0,(anonymous_4)
FNDA:0,(anonymous_5)
FNDA:0,(anonymous_6)
FNDA:0,(anonymous_7)
FNDA:0,(anonymous_8)
FNDA:0,(anonymous_9)
FNDA:0,(anonymous_10)
DA:1,0
DA:2,0
DA:17,0
DA:18,0
DA:20,0
DA:32,0
DA:34,0
DA:35,0
DA:39,0
DA:40,0
DA:43,0
DA:50,0
DA:51,0
DA:52,0
DA:55,0
DA:56,0
DA:57,0
DA:58,0
DA:61,0
DA:62,0
DA:69,0
DA:70,0
DA:72,0
DA:80,0
DA:81,0
DA:84,0
DA:85,0
DA:92,0
DA:93,0
DA:96,0
DA:97,0
DA:104,0
DA:112,0
DA:127,0
DA:131,0
DA:133,0
DA:136,0
DA:137,0
DA:138,0
DA:139,0
DA:141,0
DA:145,0
DA:146,0
DA:148,0
DA:149,0
DA:152,0
DA:153,0
DA:156,0
DA:157,0
DA:160,0
DA:167,0
DA:168,0
DA:170,0
DA:171,0
DA:172,0
DA:174,0
DA:179,0
DA:190,0
DA:193,0
LF:59
LH:0
BRDA:24,0,0,0
BRDA:24,0,1,0
BRDA:34,1,0,0
BRDA:34,1,1,0
BRDA:34,2,0,0
BRDA:34,2,1,0
BRDA:34,2,2,0
BRDA:39,3,0,0
BRDA:39,3,1,0
BRDA:55,4,0,0
BRDA:55,4,1,0
BRDA:69,5,0,0
BRDA:69,5,1,0
BRDA:80,6,0,0
BRDA:80,6,1,0
BRDA:92,7,0,0
BRDA:92,7,1,0
BRDA:112,8,0,0
BRDA:112,8,1,0
BRDA:136,9,0,0
BRDA:136,9,1,0
BRDA:138,10,0,0
BRDA:138,10,1,0
BRDA:138,11,0,0
BRDA:138,11,1,0
BRDA:145,12,0,0
BRDA:145,12,1,0
BRDA:148,13,0,0
BRDA:148,13,1,0
BRDA:152,14,0,0
BRDA:152,14,1,0
BRDA:156,15,0,0
BRDA:156,15,1,0
BRF:33
BRH:0
end_of_record
TN:
SF:src/services/priceEstimationService.ts
FN:97,(anonymous_0)
FN:177,(anonymous_1)
FN:221,(anonymous_2)
FN:271,(anonymous_3)
FN:289,(anonymous_4)
FN:304,(anonymous_5)
FN:330,(anonymous_6)
FN:366,(anonymous_7)
FN:384,(anonymous_8)
FNF:9
FNH:0
FNDA:0,(anonymous_0)
FNDA:0,(anonymous_1)
FNDA:0,(anonymous_2)
FNDA:0,(anonymous_3)
FNDA:0,(anonymous_4)
FNDA:0,(anonymous_5)
FNDA:0,(anonymous_6)
FNDA:0,(anonymous_7)
FNDA:0,(anonymous_8)
DA:79,4
DA:82,4
DA:90,4
DA:91,4
DA:104,0
DA:107,0
DA:110,0
DA:113,0
DA:116,0
DA:117,0
DA:120,0
DA:124,0
DA:127,0
DA:130,0
DA:131,0
DA:132,0
DA:135,0
DA:137,0
DA:185,0
DA:186,0
DA:189,0
DA:192,0
DA:197,0
DA:203,0
DA:206,0
DA:208,0
DA:232,0
DA:235,0
DA:238,0
DA:239,0
DA:242,0
DA:243,0
DA:246,0
DA:249,0
DA:253,0
DA:257,0
DA:260,0
DA:279,0
DA:290,0
DA:293,0
DA:294,0
DA:295,0
DA:296,0
DA:298,0
DA:308,0
DA:311,0
DA:312,0
DA:313,0
DA:316,0
DA:317,0
DA:319,0
DA:331,0
DA:333,0
DA:343,0
DA:352,0
DA:360,0
DA:367,0
DA:368,0
DA:369,0
DA:376,0
DA:390,0
DA:391,0
DA:392,0
DA:393,0
DA:396,0
DA:399,0
DA:400,0
DA:401,0
DA:402,0
DA:404,0
DA:408,4
LF:71
LH:5
BRDA:101,0,0,0
BRDA:185,1,0,0
BRDA:185,1,1,0
BRDA:192,2,0,0
BRDA:192,2,1,0
BRDA:193,3,0,0
BRDA:193,3,1,0
BRDA:194,4,0,0
BRDA:194,4,1,0
BRDA:197,5,0,0
BRDA:197,5,1,0
BRDA:198,6,0,0
BRDA:198,6,1,0
BRDA:199,7,0,0
BRDA:199,7,1,0
BRDA:203,8,0,0
BRDA:203,8,1,0
BRDA:203,9,0,0
BRDA:203,9,1,0
BRDA:206,10,0,0
BRDA:206,10,1,0
BRDA:238,11,0,0
BRDA:238,11,1,0
BRDA:242,12,0,0
BRDA:242,12,1,0
BRDA:249,13,0,0
BRDA:249,13,1,0
BRDA:253,14,0,0
BRDA:253,14,1,0
BRDA:257,15,0,0
BRDA:257,15,1,0
BRDA:280,16,0,0
BRDA:280,16,1,0
BRDA:281,17,0,0
BRDA:281,17,1,0
BRDA:293,18,0,0
BRDA:293,18,1,0
BRDA:294,19,0,0
BRDA:294,19,1,0
BRDA:295,20,0,0
BRDA:295,20,1,0
BRDA:296,21,0,0
BRDA:296,21,1,0
BRDA:311,22,0,0
BRDA:311,22,1,0
BRDA:311,23,0,0
BRDA:311,23,1,0
BRDA:312,24,0,0
BRDA:312,24,1,0
BRDA:312,25,0,0
BRDA:312,25,1,0
BRDA:313,26,0,0
BRDA:313,26,1,0
BRDA:313,27,0,0
BRDA:313,27,1,0
BRDA:316,28,0,0
BRDA:316,28,1,0
BRDA:317,29,0,0
BRDA:317,29,1,0
BRDA:330,30,0,0
BRDA:368,31,0,0
BRDA:368,31,1,0
BRDA:368,32,0,0
BRDA:368,32,1,0
BRDA:368,32,2,0
BRF:65
BRH:0
end_of_record
TN:
SF:src/services/userService.ts
FN:40,(anonymous_0)
FN:41,(anonymous_1)
FN:50,(anonymous_2)
FN:64,(anonymous_3)
FN:65,(anonymous_4)
FN:78,(anonymous_5)
FN:79,(anonymous_6)
FN:85,(anonymous_7)
FN:100,(anonymous_8)
FN:101,(anonymous_9)
FN:109,(anonymous_10)
FN:128,(anonymous_11)
FN:129,(anonymous_12)
FN:137,(anonymous_13)
FN:152,(anonymous_14)
FN:175,(anonymous_15)
FN:176,(anonymous_16)
FN:180,(anonymous_17)
FN:201,(anonymous_18)
FN:222,(anonymous_19)
FN:223,(anonymous_20)
FN:250,(anonymous_21)
FN:264,(anonymous_22)
FN:265,(anonymous_23)
FNF:24
FNH:11
FNDA:37,(anonymous_0)
FNDA:37,(anonymous_1)
FNDA:37,(anonymous_2)
FNDA:28,(anonymous_3)
FNDA:0,(anonymous_4)
FNDA:15,(anonymous_5)
FNDA:15,(anonymous_6)
FNDA:15,(anonymous_7)
FNDA:29,(anonymous_8)
FNDA:29,(anonymous_9)
FNDA:29,(anonymous_10)
FNDA:0,(anonymous_11)
FNDA:0,(anonymous_12)
FNDA:0,(anonymous_13)
FNDA:15,(anonymous_14)
FNDA:0,(anonymous_15)
FNDA:0,(anonymous_16)
FNDA:0,(anonymous_17)
FNDA:0,(anonymous_18)
FNDA:0,(anonymous_19)
FNDA:0,(anonymous_20)
FNDA:0,(anonymous_21)
FNDA:0,(anonymous_22)
FNDA:0,(anonymous_23)
DA:1,4
DA:2,4
DA:40,4
DA:41,37
DA:42,37
DA:43,37
DA:45,37
DA:50,37
DA:51,37
DA:52,9
DA:53,6
DA:54,3
DA:55,0
DA:57,3
DA:59,9
DA:63,28
DA:64,28
DA:65,0
DA:68,37
DA:70,0
DA:78,4
DA:79,15
DA:80,15
DA:85,15
DA:86,15
DA:87,0
DA:88,0
DA:90,15
DA:93,15
DA:100,4
DA:101,29
DA:102,29
DA:109,29
DA:110,29
DA:111,0
DA:112,0
DA:114,29
DA:115,0
DA:116,0
DA:118,29
DA:121,29
DA:128,4
DA:129,0
DA:130,0
DA:137,0
DA:138,0
DA:139,0
DA:140,0
DA:142,0
DA:145,0
DA:152,4
DA:153,15
DA:154,15
DA:155,15
DA:156,2
DA:159,13
DA:160,13
DA:161,12
DA:165,1
DA:166,1
DA:168,0
DA:175,4
DA:176,0
DA:177,0
DA:179,0
DA:180,0
DA:181,0
DA:182,0
DA:183,0
DA:186,0
DA:187,0
DA:188,0
DA:191,0
DA:192,0
DA:193,0
DA:194,0
DA:198,0
DA:199,0
DA:201,0
DA:202,0
DA:203,0
DA:204,0
DA:206,0
DA:209,0
DA:212,0
DA:214,0
DA:222,4
DA:223,0
DA:224,0
DA:225,0
DA:227,0
DA:228,0
DA:229,0
DA:232,0
DA:233,0
DA:234,0
DA:237,0
DA:238,0
DA:239,0
DA:242,0
DA:244,0
DA:250,0
DA:251,0
DA:252,0
DA:253,0
DA:254,0
DA:255,0
DA:257,0
DA:259,0
DA:263,0
DA:264,0
DA:265,0
DA:268,0
LF:113
LH:45
BRDA:51,0,0,9
BRDA:51,0,1,28
BRDA:52,1,0,6
BRDA:52,1,1,3
BRDA:54,2,0,0
BRDA:54,2,1,3
BRDA:86,3,0,0
BRDA:86,3,1,15
BRDA:90,4,0,15
BRDA:90,4,1,2
BRDA:110,5,0,0
BRDA:110,5,1,29
BRDA:114,6,0,0
BRDA:114,6,1,29
BRDA:138,7,0,0
BRDA:138,7,1,0
BRDA:142,8,0,0
BRDA:142,8,1,0
BRDA:155,9,0,2
BRDA:155,9,1,13
BRDA:160,10,0,12
BRDA:160,10,1,1
BRDA:181,11,0,0
BRDA:181,11,1,0
BRDA:186,12,0,0
BRDA:186,12,1,0
BRDA:192,13,0,0
BRDA:192,13,1,0
BRDA:202,14,0,0
BRDA:202,14,1,0
BRDA:227,15,0,0
BRDA:227,15,1,0
BRDA:232,16,0,0
BRDA:232,16,1,0
BRDA:237,17,0,0
BRDA:237,17,1,0
BRDA:251,18,0,0
BRDA:251,18,1,0
BRDA:252,19,0,0
BRDA:252,19,1,0
BRDA:254,20,0,0
BRDA:254,20,1,0
BRF:42
BRH:14
end_of_record
TN:
SF:src/tests/fixtures/testData.ts
FNF:0
FNH:0
DA:1,0
DA:36,0
DA:66,0
DA:92,0
DA:119,0
DA:125,0
LF:6
LH:0
BRF:0
BRH:0
end_of_record
TN:
SF:src/utils/auth.ts
FN:21,(anonymous_1)
FN:29,(anonymous_2)
FN:36,(anonymous_3)
FN:54,(anonymous_4)
FN:70,(anonymous_5)
FN:97,(anonymous_6)
FN:124,(anonymous_7)
FN:140,(anonymous_8)
FNF:8
FNH:6
FNDA:37,(anonymous_1)
FNDA:13,(anonymous_2)
FNDA:29,(anonymous_3)
FNDA:29,(anonymous_4)
FNDA:38,(anonymous_5)
FNDA:0,(anonymous_6)
FNDA:43,(anonymous_7)
FNDA:0,(anonymous_8)
DA:1,4
DA:2,4
DA:21,4
DA:22,37
DA:23,37
DA:29,4
DA:30,13
DA:36,4
DA:37,29
DA:38,29
DA:39,0
DA:42,29
DA:44,29
DA:54,4
DA:55,29
DA:56,29
DA:57,0
DA:60,29
DA:70,4
DA:71,38
DA:72,38
DA:73,0
DA:76,38
DA:77,38
DA:82,36
DA:84,2
DA:85,0
DA:86,2
DA:87,2
DA:89,0
DA:97,4
DA:98,0
DA:99,0
DA:100,0
DA:103,0
DA:104,0
DA:109,0
DA:111,0
DA:112,0
DA:113,0
DA:114,0
DA:116,0
DA:124,4
DA:125,43
DA:126,5
DA:129,38
DA:130,38
DA:131,0
DA:134,38
DA:140,4
DA:141,0
DA:143,0
DA:144,0
DA:147,0
DA:148,0
DA:151,0
DA:152,0
DA:155,0
DA:156,0
DA:159,0
DA:160,0
DA:163,0
LF:62
LH:33
BRDA:38,0,0,0
BRDA:38,0,1,29
BRDA:42,1,0,29
BRDA:42,1,1,29
BRDA:56,2,0,0
BRDA:56,2,1,29
BRDA:72,3,0,0
BRDA:72,3,1,38
BRDA:84,4,0,0
BRDA:84,4,1,2
BRDA:86,5,0,2
BRDA:86,5,1,0
BRDA:99,6,0,0
BRDA:99,6,1,0
BRDA:111,7,0,0
BRDA:111,7,1,0
BRDA:113,8,0,0
BRDA:113,8,1,0
BRDA:125,9,0,5
BRDA:125,9,1,38
BRDA:130,10,0,0
BRDA:130,10,1,38
BRDA:130,11,0,38
BRDA:130,11,1,38
BRDA:134,12,0,38
BRDA:134,12,1,0
BRDA:143,13,0,0
BRDA:143,13,1,0
BRDA:147,14,0,0
BRDA:147,14,1,0
BRDA:151,15,0,0
BRDA:151,15,1,0
BRDA:155,16,0,0
BRDA:155,16,1,0
BRDA:159,17,0,0
BRDA:159,17,1,0
BRF:36
BRH:13
end_of_record
TN:
SF:src/validation/auth.ts
FNF:0
FNH:0
DA:1,4
DA:6,4
DA:51,4
DA:70,4
DA:101,4
DA:112,4
LF:6
LH:6
BRF:0
BRH:0
end_of_record
